0 info it worked if it ends with ok
1 verbose cli [ '/home/bjorse/.nvm/versions/node/v6.3.1/bin/node',
1 verbose cli   '/home/bjorse/.nvm/versions/node/v6.3.1/bin/npm',
1 verbose cli   'start' ]
2 info using npm@4.0.5
3 info using node@v6.3.1
4 verbose run-script [ 'prestart', 'start', 'poststart' ]
5 info lifecycle fp-session@1.0.0~prestart: fp-session@1.0.0
6 silly lifecycle fp-session@1.0.0~prestart: no script for prestart, continuing
7 info lifecycle fp-session@1.0.0~start: fp-session@1.0.0
8 verbose lifecycle fp-session@1.0.0~start: unsafe-perm in lifecycle true
9 verbose lifecycle fp-session@1.0.0~start: PATH: /home/bjorse/.nvm/versions/node/v6.3.1/lib/node_modules/npm/bin/node-gyp-bin:/home/bjorse/dev/fp-session/node_modules/.bin:/home/bjorse/.nvm/versions/node/v6.3.1/bin:/usr/local/sbin:/usr/local/bin:/usr/sbin:/usr/bin:/sbin:/bin:/usr/games:/usr/local/games
10 verbose lifecycle fp-session@1.0.0~start: CWD: /home/bjorse/dev/fp-session
11 silly lifecycle fp-session@1.0.0~start: Args: [ '-c', 'python -m SimpleHTTPServer 3000' ]
12 silly lifecycle fp-session@1.0.0~start: Returned: code: 1  signal: null
13 info lifecycle fp-session@1.0.0~start: Failed to exec start script
14 verbose stack Error: fp-session@1.0.0 start: `python -m SimpleHTTPServer 3000`
14 verbose stack Exit status 1
14 verbose stack     at EventEmitter.<anonymous> (/home/bjorse/.nvm/versions/node/v6.3.1/lib/node_modules/npm/lib/utils/lifecycle.js:279:16)
14 verbose stack     at emitTwo (events.js:106:13)
14 verbose stack     at EventEmitter.emit (events.js:191:7)
14 verbose stack     at ChildProcess.<anonymous> (/home/bjorse/.nvm/versions/node/v6.3.1/lib/node_modules/npm/lib/utils/spawn.js:40:14)
14 verbose stack     at emitTwo (events.js:106:13)
14 verbose stack     at ChildProcess.emit (events.js:191:7)
14 verbose stack     at maybeClose (internal/child_process.js:852:16)
14 verbose stack     at Process.ChildProcess._handle.onexit (internal/child_process.js:215:5)
15 verbose pkgid fp-session@1.0.0
16 verbose cwd /home/bjorse/dev/fp-session
17 error Linux 4.7.2-galliumos
18 error argv "/home/bjorse/.nvm/versions/node/v6.3.1/bin/node" "/home/bjorse/.nvm/versions/node/v6.3.1/bin/npm" "start"
19 error node v6.3.1
20 error npm  v4.0.5
21 error code ELIFECYCLE
22 error fp-session@1.0.0 start: `python -m SimpleHTTPServer 3000`
22 error Exit status 1
23 error Failed at the fp-session@1.0.0 start script 'python -m SimpleHTTPServer 3000'.
23 error Make sure you have the latest version of node.js and npm installed.
23 error If you do, this is most likely a problem with the fp-session package,
23 error not with npm itself.
23 error Tell the author that this fails on your system:
23 error     python -m SimpleHTTPServer 3000
23 error You can get information on how to open an issue for this project with:
23 error     npm bugs fp-session
23 error Or if that isn't available, you can get their info via:
23 error     npm owner ls fp-session
23 error There is likely additional logging output above.
24 verbose exit [ 1, true ]
